#
# There is insufficient memory for the Java Runtime Environment to continue.
# Native memory allocation (malloc) failed to allocate 1284176 bytes for Chunk::new
# Possible reasons:
#   The system is out of physical RAM or swap space
#   The process is running with CompressedOops enabled, and the Java Heap may be blocking the growth of the native heap
# Possible solutions:
#   Reduce memory load on the system
#   Increase physical memory or swap space
#   Check if swap backing store is full
#   Decrease Java heap size (-Xmx/-Xms)
#   Decrease number of Java threads
#   Decrease Java thread stack sizes (-Xss)
#   Set larger code cache with -XX:ReservedCodeCacheSize=
#   JVM is running with Unscaled Compressed Oops mode in which the Java heap is
#     placed in the first 4GB address space. The Java Heap base address is the
#     maximum limit for the native heap growth. Please use -XX:HeapBaseMinAddress
#     to set the Java Heap base and to place the Java Heap above 4GB virtual address.
# This output file may be truncated or incomplete.
#
#  Out of Memory Error (allocation.cpp:389), pid=4632, tid=0x0000000000005854
#
# JRE version: Java(TM) SE Runtime Environment (8.0_311-b11) (build 1.8.0_311-b11)
# Java VM: Java HotSpot(TM) 64-Bit Server VM (25.311-b11 mixed mode windows-amd64 compressed oops)
# Failed to write core dump. Minidumps are not enabled by default on client versions of Windows
#

---------------  T H R E A D  ---------------

Current thread (0x000001c49624a000):  JavaThread "C2 CompilerThread1" daemon [_thread_in_native, id=22612, stack(0x0000009a02800000,0x0000009a02900000)]

Stack: [0x0000009a02800000,0x0000009a02900000]
Native frames: (J=compiled Java code, j=interpreted, Vv=VM code, C=native code)
V  [jvm.dll+0x32f239]
V  [jvm.dll+0x275882]
V  [jvm.dll+0x27652d]
V  [jvm.dll+0x26cf65]
V  [jvm.dll+0xd558c]
V  [jvm.dll+0xd5d8c]
V  [jvm.dll+0x470b13]
V  [jvm.dll+0x4383c8]
V  [jvm.dll+0x441215]
V  [jvm.dll+0x4405d5]
V  [jvm.dll+0x42b38b]
V  [jvm.dll+0xac22b]
V  [jvm.dll+0xaa88b]
V  [jvm.dll+0x23df22]
V  [jvm.dll+0x29253c]
C  [ucrtbase.dll+0x29363]
C  [KERNEL32.DLL+0x1244d]
C  [ntdll.dll+0x5dfb8]


Current CompileTask:
C2:  27235 5155       4       org.gradle.internal.classpath.ClasspathBuilder$ZipEntryBuilder::maybeAddParent (50 bytes)


---------------  P R O C E S S  ---------------

Java Threads: ( => current thread )
  0x000001c49e13a000 JavaThread "Cache worker for file content cache (C:\Users\adipu\.gradle\caches\7.4\fileContent)" [_thread_blocked, id=4740, stack(0x0000009a04900000,0x0000009a04a00000)]
  0x000001c49e136000 JavaThread "Cache worker for execution history cache (C:\Users\adipu\.gradle\caches\7.4\executionHistory)" [_thread_blocked, id=15012, stack(0x0000009a04800000,0x0000009a04900000)]
  0x000001c49e139000 JavaThread "Cache worker for cache directory md-supplier (C:\Users\adipu\.gradle\caches\7.4\md-supplier)" [_thread_blocked, id=16060, stack(0x0000009a04700000,0x0000009a04800000)]
  0x000001c49e138800 JavaThread "Cache worker for file hash cache (D:\AKU\Android\Tugas\AndroidStudioProjects\TokoOnline\.gradle\7.4\fileHashes)" [_thread_blocked, id=12084, stack(0x0000009a04600000,0x0000009a04700000)]
  0x000001c49e131800 JavaThread "Cache worker for cache directory md-rule (C:\Users\adipu\.gradle\caches\7.4\md-rule)" [_thread_blocked, id=18352, stack(0x0000009a04500000,0x0000009a04600000)]
  0x000001c49e130800 JavaThread "Cache worker for checksums cache (D:\AKU\Android\Tugas\AndroidStudioProjects\TokoOnline\.gradle\7.4\checksums)" [_thread_blocked, id=4688, stack(0x0000009a04400000,0x0000009a04500000)]
  0x000001c49e132800 JavaThread "jar transforms Thread 8" [_thread_blocked, id=8636, stack(0x0000009a04300000,0x0000009a04400000)]
  0x000001c49e137000 JavaThread "jar transforms Thread 7" [_thread_in_native, id=21144, stack(0x0000009a04200000,0x0000009a04300000)]
  0x000001c49e130000 JavaThread "jar transforms Thread 6" [_thread_in_Java, id=1224, stack(0x0000009a04100000,0x0000009a04200000)]
  0x000001c4987ef000 JavaThread "jar transforms Thread 5" [_thread_in_native, id=12020, stack(0x0000009a04000000,0x0000009a04100000)]
  0x000001c4987eb800 JavaThread "jar transforms Thread 4" [_thread_in_Java, id=16916, stack(0x0000009a03f00000,0x0000009a04000000)]
  0x000001c4987e8800 JavaThread "jar transforms Thread 3" [_thread_in_native, id=13956, stack(0x0000009a03e00000,0x0000009a03f00000)]
  0x000001c4987ee000 JavaThread "jar transforms Thread 2" [_thread_blocked, id=5324, stack(0x0000009a03d00000,0x0000009a03e00000)]
  0x000001c4987ec800 JavaThread "jar transforms" [_thread_blocked, id=22452, stack(0x0000009a03c00000,0x0000009a03d00000)]
  0x000001c4987eb000 JavaThread "File watcher consumer" daemon [_thread_blocked, id=1096, stack(0x0000009a03b00000,0x0000009a03c00000)]
  0x000001c4987ea000 JavaThread "File watcher server" daemon [_thread_in_native, id=18492, stack(0x0000009a03a00000,0x0000009a03b00000)]
  0x000001c4987ef800 JavaThread "Cache worker for file hash cache (C:\Users\adipu\.gradle\caches\7.4\fileHashes)" [_thread_blocked, id=16984, stack(0x0000009a03900000,0x0000009a03a00000)]
  0x000001c4987e9800 JavaThread "File lock request listener" [_thread_in_native, id=18104, stack(0x0000009a03800000,0x0000009a03900000)]
  0x000001c4987ed000 JavaThread "Cache worker for journal cache (C:\Users\adipu\.gradle\caches\journal-1)" [_thread_blocked, id=20044, stack(0x0000009a03700000,0x0000009a03800000)]
  0x000001c4999fa800 JavaThread "Daemon client event forwarder" [_thread_blocked, id=13544, stack(0x0000009a03600000,0x0000009a03700000)]
  0x000001c4999f9000 JavaThread "Stdin handler" [_thread_blocked, id=13552, stack(0x0000009a03500000,0x0000009a03600000)]
  0x000001c4999f4000 JavaThread "Asynchronous log dispatcher for DefaultDaemonConnection: socket connection from /127.0.0.1:64648 to /127.0.0.1:64649" [_thread_blocked, id=21460, stack(0x0000009a03400000,0x0000009a03500000)]
  0x000001c4999ed800 JavaThread "Daemon worker" [_thread_blocked, id=23332, stack(0x0000009a03300000,0x0000009a03400000)]
  0x000001c4999ec000 JavaThread "Cancel handler" [_thread_blocked, id=17884, stack(0x0000009a03200000,0x0000009a03300000)]
  0x000001c499931000 JavaThread "Handler for socket connection from /127.0.0.1:64648 to /127.0.0.1:64649" [_thread_in_native, id=21388, stack(0x0000009a03100000,0x0000009a03200000)]
  0x000001c498e35000 JavaThread "Daemon" [_thread_blocked, id=8392, stack(0x0000009a03000000,0x0000009a03100000)]
  0x000001c498e31800 JavaThread "Daemon periodic checks" [_thread_blocked, id=20216, stack(0x0000009a02f00000,0x0000009a03000000)]
  0x000001c498949000 JavaThread "Incoming local TCP Connector on port 64648" [_thread_in_native, id=13196, stack(0x0000009a02e00000,0x0000009a02f00000)]
  0x000001c4998dc000 JavaThread "Daemon health stats" [_thread_blocked, id=14740, stack(0x0000009a02d00000,0x0000009a02e00000)]
  0x000001c4980a8800 JavaThread "Service Thread" daemon [_thread_blocked, id=6792, stack(0x0000009a02b00000,0x0000009a02c00000)]
  0x000001c49624f800 JavaThread "C1 CompilerThread3" daemon [_thread_blocked, id=4812, stack(0x0000009a02a00000,0x0000009a02b00000)]
  0x000001c49624d000 JavaThread "C2 CompilerThread2" daemon [_thread_in_native, id=11432, stack(0x0000009a02900000,0x0000009a02a00000)]
=>0x000001c49624a000 JavaThread "C2 CompilerThread1" daemon [_thread_in_native, id=22612, stack(0x0000009a02800000,0x0000009a02900000)]
  0x000001c496244800 JavaThread "C2 CompilerThread0" daemon [_thread_in_native, id=16844, stack(0x0000009a02700000,0x0000009a02800000)]
  0x000001c496243800 JavaThread "Attach Listener" daemon [_thread_blocked, id=23536, stack(0x0000009a02600000,0x0000009a02700000)]
  0x000001c496242800 JavaThread "Signal Dispatcher" daemon [_thread_blocked, id=19208, stack(0x0000009a02500000,0x0000009a02600000)]
  0x000001c49621c000 JavaThread "Finalizer" daemon [_thread_blocked, id=15840, stack(0x0000009a02400000,0x0000009a02500000)]
  0x000001c496213000 JavaThread "Reference Handler" daemon [_thread_blocked, id=21948, stack(0x0000009a02300000,0x0000009a02400000)]
  0x000001c4ffd3e000 JavaThread "main" [_thread_blocked, id=21376, stack(0x0000009a01900000,0x0000009a01a00000)]

Other Threads:
  0x000001c4961e8000 VMThread [stack: 0x0000009a02200000,0x0000009a02300000] [id=20628]
  0x000001c4962bc800 WatcherThread [stack: 0x0000009a02c00000,0x0000009a02d00000] [id=19484]

VM state:not at safepoint (normal execution)

VM Mutex/Monitor currently owned by a thread: None

heap address: 0x0000000080000000, size: 2048 MB, Compressed Oops mode: 32-bit
Narrow klass base: 0x0000000000000000, Narrow klass shift: 3
Compressed class space size: 1073741824 Address: 0x0000000100000000

Heap:
 PSYoungGen      total 654336K, used 379827K [0x00000000d5580000, 0x00000000fef00000, 0x0000000100000000)
  eden space 644608K, 57% used [0x00000000d5580000,0x00000000ebf1f8c8,0x00000000fcb00000)
  from space 9728K, 97% used [0x00000000fe580000,0x00000000feecd5d0,0x00000000fef00000)
  to   space 15872K, 0% used [0x00000000fd000000,0x00000000fd000000,0x00000000fdf80000)
 ParOldGen       total 89600K, used 36709K [0x0000000080000000, 0x0000000085780000, 0x00000000d5580000)
  object space 89600K, 40% used [0x0000000080000000,0x00000000823d94c8,0x0000000085780000)
 Metaspace       used 42032K, capacity 44122K, committed 44416K, reserved 1087488K
  class space    used 6000K, capacity 6429K, committed 6528K, reserved 1048576K

Card table byte_map: [0x000001c490d00000,0x000001c491110000] byte_map_base: 0x000001c490900000

Marking Bits: (ParMarkBitMap*) 0x00000000533e8030
 Begin Bits: [0x000001c4913c0000, 0x000001c4933c0000)
 End Bits:   [0x000001c4933c0000, 0x000001c4953c0000)

Polling page: 0x000001c480070000

CodeCache: size=245760Kb used=17335Kb max_used=17506Kb free=228424Kb
 bounds [0x000001c481940000, 0x000001c482a90000, 0x000001c490940000]
 total_blobs=5058 nmethods=4325 adapters=643
 compilation: enabled

Compilation events (10 events):
Event: 27.063 Thread 0x000001c49624f800 5201       3       org.objectweb.asm.MethodWriter::computeMethodInfoSize (571 bytes)
Event: 27.065 Thread 0x000001c49624f800 nmethod 5201 0x000001c481b4f610 code [0x000001c481b4f900, 0x000001c481b51090]
Event: 27.065 Thread 0x000001c49624f800 5200       3       org.gradle.internal.classpath.InstrumentingTransformer$InstrumentingVisitor::visitMethod (88 bytes)
Event: 27.066 Thread 0x000001c49624f800 nmethod 5200 0x000001c481a95490 code [0x000001c481a956a0, 0x000001c481a961f0]
Event: 27.066 Thread 0x000001c49624f800 5198       3       org.objectweb.asm.Attribute::computeAttributesSize (62 bytes)
Event: 27.067 Thread 0x000001c49624f800 nmethod 5198 0x000001c481be4890 code [0x000001c481be4a20, 0x000001c481be4f90]
Event: 27.067 Thread 0x000001c49624f800 5205       3       org.objectweb.asm.FieldWriter::computeFieldInfoSize (86 bytes)
Event: 27.067 Thread 0x000001c49624f800 nmethod 5205 0x000001c481b42410 code [0x000001c481b425c0, 0x000001c481b42ae0]
Event: 27.068 Thread 0x000001c49624f800 5206       1       org.objectweb.asm.SymbolTable::getConstantPoolLength (8 bytes)
Event: 27.068 Thread 0x000001c49624f800 nmethod 5206 0x000001c481b71450 code [0x000001c481b715a0, 0x000001c481b716b8]

GC Heap History (10 events):
Event: 13.716 GC heap before
{Heap before GC invocations=22 (full 2):
 PSYoungGen      total 396800K, used 382612K [0x00000000d5580000, 0x00000000f4200000, 0x0000000100000000)
  eden space 380928K, 100% used [0x00000000d5580000,0x00000000ec980000,0x00000000ec980000)
  from space 15872K, 10% used [0x00000000ec980000,0x00000000ecb25098,0x00000000ed900000)
  to   space 15360K, 0% used [0x00000000f3300000,0x00000000f3300000,0x00000000f4200000)
 ParOldGen       total 89600K, used 32853K [0x0000000080000000, 0x0000000085780000, 0x00000000d5580000)
  object space 89600K, 36% used [0x0000000080000000,0x00000000820154c8,0x0000000085780000)
 Metaspace       used 36433K, capacity 38004K, committed 38144K, reserved 1081344K
  class space    used 5187K, capacity 5542K, committed 5632K, reserved 1048576K
Event: 13.719 GC heap after
Heap after GC invocations=22 (full 2):
 PSYoungGen      total 478720K, used 1136K [0x00000000d5580000, 0x00000000f3d00000, 0x0000000100000000)
  eden space 468480K, 0% used [0x00000000d5580000,0x00000000d5580000,0x00000000f1f00000)
  from space 10240K, 11% used [0x00000000f3300000,0x00000000f341c378,0x00000000f3d00000)
  to   space 15360K, 0% used [0x00000000f1f00000,0x00000000f1f00000,0x00000000f2e00000)
 ParOldGen       total 89600K, used 34165K [0x0000000080000000, 0x0000000085780000, 0x00000000d5580000)
  object space 89600K, 38% used [0x0000000080000000,0x000000008215d4c8,0x0000000085780000)
 Metaspace       used 36433K, capacity 38004K, committed 38144K, reserved 1081344K
  class space    used 5187K, capacity 5542K, committed 5632K, reserved 1048576K
}
Event: 14.158 GC heap before
{Heap before GC invocations=23 (full 2):
 PSYoungGen      total 478720K, used 469616K [0x00000000d5580000, 0x00000000f3d00000, 0x0000000100000000)
  eden space 468480K, 100% used [0x00000000d5580000,0x00000000f1f00000,0x00000000f1f00000)
  from space 10240K, 11% used [0x00000000f3300000,0x00000000f341c378,0x00000000f3d00000)
  to   space 15360K, 0% used [0x00000000f1f00000,0x00000000f1f00000,0x00000000f2e00000)
 ParOldGen       total 89600K, used 34165K [0x0000000080000000, 0x0000000085780000, 0x00000000d5580000)
  object space 89600K, 38% used [0x0000000080000000,0x000000008215d4c8,0x0000000085780000)
 Metaspace       used 36434K, capacity 38004K, committed 38144K, reserved 1081344K
  class space    used 5187K, capacity 5542K, committed 5632K, reserved 1048576K
Event: 14.161 GC heap after
Heap after GC invocations=23 (full 2):
 PSYoungGen      total 483840K, used 1152K [0x00000000d5580000, 0x00000000f9e00000, 0x0000000100000000)
  eden space 468480K, 0% used [0x00000000d5580000,0x00000000d5580000,0x00000000f1f00000)
  from space 15360K, 7% used [0x00000000f1f00000,0x00000000f2020000,0x00000000f2e00000)
  to   space 15360K, 0% used [0x00000000f8f00000,0x00000000f8f00000,0x00000000f9e00000)
 ParOldGen       total 89600K, used 35101K [0x0000000080000000, 0x0000000085780000, 0x00000000d5580000)
  object space 89600K, 39% used [0x0000000080000000,0x00000000822474c8,0x0000000085780000)
 Metaspace       used 36434K, capacity 38004K, committed 38144K, reserved 1081344K
  class space    used 5187K, capacity 5542K, committed 5632K, reserved 1048576K
}
Event: 14.568 GC heap before
{Heap before GC invocations=24 (full 2):
 PSYoungGen      total 483840K, used 469632K [0x00000000d5580000, 0x00000000f9e00000, 0x0000000100000000)
  eden space 468480K, 100% used [0x00000000d5580000,0x00000000f1f00000,0x00000000f1f00000)
  from space 15360K, 7% used [0x00000000f1f00000,0x00000000f2020000,0x00000000f2e00000)
  to   space 15360K, 0% used [0x00000000f8f00000,0x00000000f8f00000,0x00000000f9e00000)
 ParOldGen       total 89600K, used 35101K [0x0000000080000000, 0x0000000085780000, 0x00000000d5580000)
  object space 89600K, 39% used [0x0000000080000000,0x00000000822474c8,0x0000000085780000)
 Metaspace       used 36434K, capacity 38004K, committed 38144K, reserved 1081344K
  class space    used 5187K, capacity 5542K, committed 5632K, reserved 1048576K
Event: 14.570 GC heap after
Heap after GC invocations=24 (full 2):
 PSYoungGen      total 567808K, used 1376K [0x00000000d5580000, 0x00000000f9600000, 0x0000000100000000)
  eden space 560640K, 0% used [0x00000000d5580000,0x00000000d5580000,0x00000000f7900000)
  from space 7168K, 19% used [0x00000000f8f00000,0x00000000f9058000,0x00000000f9600000)
  to   space 14848K, 0% used [0x00000000f7900000,0x00000000f7900000,0x00000000f8780000)
 ParOldGen       total 89600K, used 36157K [0x0000000080000000, 0x0000000085780000, 0x00000000d5580000)
  object space 89600K, 40% used [0x0000000080000000,0x000000008234f4c8,0x0000000085780000)
 Metaspace       used 36434K, capacity 38004K, committed 38144K, reserved 1081344K
  class space    used 5187K, capacity 5542K, committed 5632K, reserved 1048576K
}
Event: 20.269 GC heap before
{Heap before GC invocations=25 (full 2):
 PSYoungGen      total 567808K, used 562016K [0x00000000d5580000, 0x00000000f9600000, 0x0000000100000000)
  eden space 560640K, 100% used [0x00000000d5580000,0x00000000f7900000,0x00000000f7900000)
  from space 7168K, 19% used [0x00000000f8f00000,0x00000000f9058000,0x00000000f9600000)
  to   space 14848K, 0% used [0x00000000f7900000,0x00000000f7900000,0x00000000f8780000)
 ParOldGen       total 89600K, used 36157K [0x0000000080000000, 0x0000000085780000, 0x00000000d5580000)
  object space 89600K, 40% used [0x0000000080000000,0x000000008234f4c8,0x0000000085780000)
 Metaspace       used 36614K, capacity 38324K, committed 38400K, reserved 1081344K
  class space    used 5214K, capacity 5594K, committed 5632K, reserved 1048576K
Event: 20.276 GC heap after
Heap after GC invocations=25 (full 2):
 PSYoungGen      total 575488K, used 7963K [0x00000000d5580000, 0x00000000ff400000, 0x0000000100000000)
  eden space 560640K, 0% used [0x00000000d5580000,0x00000000d5580000,0x00000000f7900000)
  from space 14848K, 53% used [0x00000000f7900000,0x00000000f80c6e18,0x00000000f8780000)
  to   space 14848K, 0% used [0x00000000fe580000,0x00000000fe580000,0x00000000ff400000)
 ParOldGen       total 89600K, used 36701K [0x0000000080000000, 0x0000000085780000, 0x00000000d5580000)
  object space 89600K, 40% used [0x0000000080000000,0x00000000823d74c8,0x0000000085780000)
 Metaspace       used 36614K, capacity 38324K, committed 38400K, reserved 1081344K
  class space    used 5214K, capacity 5594K, committed 5632K, reserved 1048576K
}
Event: 26.855 GC heap before
{Heap before GC invocations=26 (full 2):
 PSYoungGen      total 575488K, used 568603K [0x00000000d5580000, 0x00000000ff400000, 0x0000000100000000)
  eden space 560640K, 100% used [0x00000000d5580000,0x00000000f7900000,0x00000000f7900000)
  from space 14848K, 53% used [0x00000000f7900000,0x00000000f80c6e18,0x00000000f8780000)
  to   space 14848K, 0% used [0x00000000fe580000,0x00000000fe580000,0x00000000ff400000)
 ParOldGen       total 89600K, used 36701K [0x0000000080000000, 0x0000000085780000, 0x00000000d5580000)
  object space 89600K, 40% used [0x0000000080000000,0x00000000823d74c8,0x0000000085780000)
 Metaspace       used 42031K, capacity 44122K, committed 44416K, reserved 1087488K
  class space    used 6000K, capacity 6429K, committed 6528K, reserved 1048576K
Event: 26.866 GC heap after
Heap after GC invocations=26 (full 2):
 PSYoungGen      total 654336K, used 9525K [0x00000000d5580000, 0x00000000fef00000, 0x0000000100000000)
  eden space 644608K, 0% used [0x00000000d5580000,0x00000000d5580000,0x00000000fcb00000)
  from space 9728K, 97% used [0x00000000fe580000,0x00000000feecd5d0,0x00000000fef00000)
  to   space 15872K, 0% used [0x00000000fd000000,0x00000000fd000000,0x00000000fdf80000)
 ParOldGen       total 89600K, used 36709K [0x0000000080000000, 0x0000000085780000, 0x00000000d5580000)
  object space 89600K, 40% used [0x0000000080000000,0x00000000823d94c8,0x0000000085780000)
 Metaspace       used 42031K, capacity 44122K, committed 44416K, reserved 1087488K
  class space    used 6000K, capacity 6429K, committed 6528K, reserved 1048576K
}

Deoptimization events (10 events):
Event: 26.452 Thread 0x000001c4987ee000 Uncommon trap: reason=unstable_if action=reinterpret pc=0x000001c48289d4d4 method=org.gradle.api.internal.file.archive.impl.JdkZipEntry$1.run(Ljava/io/InputStream;)[B @ 9
Event: 27.032 Thread 0x000001c49e130000 Uncommon trap: reason=unstable_if action=reinterpret pc=0x000001c48278bcdc method=org.objectweb.asm.ClassWriter.toByteArray()[B @ 730
Event: 27.032 Thread 0x000001c49e130000 Uncommon trap: reason=unstable_if action=reinterpret pc=0x000001c482758b5c method=org.objectweb.asm.MethodWriter.putMethodInfo(Lorg/objectweb/asm/ByteVector;)V @ 9
Event: 27.032 Thread 0x000001c49e130000 Uncommon trap: reason=unstable_if action=reinterpret pc=0x000001c482752920 method=org.objectweb.asm.FieldWriter.putFieldInfo(Lorg/objectweb/asm/ByteVector;)V @ 9
Event: 27.033 Thread 0x000001c49e130000 Uncommon trap: reason=unstable_if action=reinterpret pc=0x000001c4823f8d34 method=org.objectweb.asm.ClassReader.readField(Lorg/objectweb/asm/ClassVisitor;Lorg/objectweb/asm/Context;I)I @ 200
Event: 27.034 Thread 0x000001c49e130000 Uncommon trap: reason=unstable_if action=reinterpret pc=0x000001c4825dd1f8 method=org.objectweb.asm.ClassReader.readMethod(Lorg/objectweb/asm/ClassVisitor;Lorg/objectweb/asm/Context;I)I @ 335
Event: 27.035 Thread 0x000001c49e130000 Uncommon trap: reason=unstable_if action=reinterpret pc=0x000001c481d70e68 method=org.objectweb.asm.Attribute.computeAttributesSize(Lorg/objectweb/asm/SymbolTable;II)I @ 16
Event: 27.035 Thread 0x000001c49e130000 Uncommon trap: reason=unstable_if action=reinterpret pc=0x000001c482754378 method=org.objectweb.asm.Attribute.computeAttributesSize(Lorg/objectweb/asm/SymbolTable;II)I @ 16
Event: 27.035 Thread 0x000001c49e130000 Uncommon trap: reason=unstable_if action=reinterpret pc=0x000001c481f4d73c method=org.objectweb.asm.Attribute.putAttributes(Lorg/objectweb/asm/SymbolTable;IILorg/objectweb/asm/ByteVector;)V @ 14
Event: 27.035 Thread 0x000001c49e130000 Uncommon trap: reason=unstable_if action=reinterpret pc=0x000001c481a60318 method=org.objectweb.asm.Attribute.computeAttributesSize(Lorg/objectweb/asm/SymbolTable;II)I @ 16

Classes redefined (0 events):
No events

Internal exceptions (10 events):
Event: 26.234 Thread 0x000001c4987ec800 Exception <a 'sun/nio/fs/WindowsException'> (0x00000000e9019158) thrown at [C:\jenkins\workspace\8-2-build-windows-amd64-cygwin\jdk8u311\1894\hotspot\src\share\vm\prims\jni.cpp, line 710]
Event: 26.276 Thread 0x000001c49e132800 Exception <a 'sun/nio/fs/WindowsException'> (0x00000000ea4234f0) thrown at [C:\jenkins\workspace\8-2-build-windows-amd64-cygwin\jdk8u311\1894\hotspot\src\share\vm\prims\jni.cpp, line 710]
Event: 26.278 Thread 0x000001c4987eb800 Exception <a 'sun/nio/fs/WindowsException'> (0x00000000e359c680) thrown at [C:\jenkins\workspace\8-2-build-windows-amd64-cygwin\jdk8u311\1894\hotspot\src\share\vm\prims\jni.cpp, line 710]
Event: 26.278 Thread 0x000001c49e132800 Exception <a 'sun/nio/fs/WindowsException'> (0x00000000ea423898) thrown at [C:\jenkins\workspace\8-2-build-windows-amd64-cygwin\jdk8u311\1894\hotspot\src\share\vm\prims\jni.cpp, line 710]
Event: 26.318 Thread 0x000001c4987ec800 Exception <a 'sun/nio/fs/WindowsException'> (0x00000000e9022860) thrown at [C:\jenkins\workspace\8-2-build-windows-amd64-cygwin\jdk8u311\1894\hotspot\src\share\vm\prims\jni.cpp, line 710]
Event: 26.327 Thread 0x000001c4987ec800 Exception <a 'sun/nio/fs/WindowsException'> (0x00000000ea778598) thrown at [C:\jenkins\workspace\8-2-build-windows-amd64-cygwin\jdk8u311\1894\hotspot\src\share\vm\prims\jni.cpp, line 710]
Event: 26.328 Thread 0x000001c4987ec800 Exception <a 'sun/nio/fs/WindowsException'> (0x00000000ea778918) thrown at [C:\jenkins\workspace\8-2-build-windows-amd64-cygwin\jdk8u311\1894\hotspot\src\share\vm\prims\jni.cpp, line 710]
Event: 26.480 Thread 0x000001c4987ee000 Exception <a 'sun/nio/fs/WindowsException'> (0x00000000eb766fc0) thrown at [C:\jenkins\workspace\8-2-build-windows-amd64-cygwin\jdk8u311\1894\hotspot\src\share\vm\prims\jni.cpp, line 710]
Event: 26.481 Thread 0x000001c4987ee000 Exception <a 'sun/nio/fs/WindowsException'> (0x00000000eb767350) thrown at [C:\jenkins\workspace\8-2-build-windows-amd64-cygwin\jdk8u311\1894\hotspot\src\share\vm\prims\jni.cpp, line 710]
Event: 26.997 Thread 0x000001c49e130000 Exception <a 'sun/nio/fs/WindowsException'> (0x00000000d5b46730) thrown at [C:\jenkins\workspace\8-2-build-windows-amd64-cygwin\jdk8u311\1894\hotspot\src\share\vm\prims\jni.cpp, line 710]

Events (10 events):
Event: 27.068 Thread 0x000001c49624f800 flushing nmethod 0x000001c4821fa250
Event: 27.068 Thread 0x000001c49624f800 flushing nmethod 0x000001c4821fb4d0
Event: 27.068 Thread 0x000001c49624f800 flushing nmethod 0x000001c4821fc990
Event: 27.068 Thread 0x000001c49624f800 flushing nmethod 0x000001c4821fd610
Event: 27.068 Thread 0x000001c49624f800 flushing nmethod 0x000001c4821fe5d0
Event: 27.068 Thread 0x000001c49624f800 flushing nmethod 0x000001c4821ffcd0
Event: 27.068 Thread 0x000001c49624f800 flushing nmethod 0x000001c4822004d0
Event: 27.068 Thread 0x000001c49624f800 flushing nmethod 0x000001c48221c250
Event: 27.068 Thread 0x000001c49624f800 flushing nmethod 0x000001c482245e10
Event: 27.068 Thread 0x000001c49624f800 flushing nmethod 0x000001c4822712d0


Dynamic libraries:
0x00007ff7ca6c0000 - 0x00007ff7ca707000 	C:\Program Files\Java\jdk1.8.0_311\bin\java.exe
0x00007ffa34830000 - 0x00007ffa34a44000 	C:\WINDOWS\SYSTEM32\ntdll.dll
0x00007ffa327c0000 - 0x00007ffa32882000 	C:\WINDOWS\System32\KERNEL32.DLL
0x00007ffa321a0000 - 0x00007ffa3253d000 	C:\WINDOWS\System32\KERNELBASE.dll
0x00007ffa2ecf0000 - 0x00007ffa2ed87000 	C:\WINDOWS\SYSTEM32\apphelp.dll
0x00007ffa34510000 - 0x00007ffa345be000 	C:\WINDOWS\System32\ADVAPI32.dll
0x00007ffa32630000 - 0x00007ffa326d7000 	C:\WINDOWS\System32\msvcrt.dll
0x00007ffa32890000 - 0x00007ffa32934000 	C:\WINDOWS\System32\sechost.dll
0x00007ffa32c70000 - 0x00007ffa32d85000 	C:\WINDOWS\System32\RPCRT4.dll
0x00007ffa34360000 - 0x00007ffa3450a000 	C:\WINDOWS\System32\USER32.dll
0x00007ffa31f90000 - 0x00007ffa31fb6000 	C:\WINDOWS\System32\win32u.dll
0x00007ffa342b0000 - 0x00007ffa342d9000 	C:\WINDOWS\System32\GDI32.dll
0x00007ffa31fc0000 - 0x00007ffa320d2000 	C:\WINDOWS\System32\gdi32full.dll
0x00007ffa31c60000 - 0x00007ffa31cfa000 	C:\WINDOWS\System32\msvcp_win.dll
0x00007ffa31e70000 - 0x00007ffa31f81000 	C:\WINDOWS\System32\ucrtbase.dll
0x00007ffa18a70000 - 0x00007ffa18cfe000 	C:\WINDOWS\WinSxS\amd64_microsoft.windows.common-controls_6595b64144ccf1df_6.0.22621.608_none_a9444ca7c10bb01d\COMCTL32.dll
0x00007ffa332e0000 - 0x00007ffa33312000 	C:\WINDOWS\System32\IMM32.DLL
0x00007ffa29d50000 - 0x00007ffa29d65000 	C:\Program Files\Java\jdk1.8.0_311\jre\bin\vcruntime140.dll
0x00007ffa1e2a0000 - 0x00007ffa1e33b000 	C:\Program Files\Java\jdk1.8.0_311\jre\bin\msvcp140.dll
0x0000000052c00000 - 0x0000000053460000 	C:\Program Files\Java\jdk1.8.0_311\jre\bin\server\jvm.dll
0x00007ffa32940000 - 0x00007ffa32948000 	C:\WINDOWS\System32\PSAPI.DLL
0x00007ffa17ce0000 - 0x00007ffa17ce9000 	C:\WINDOWS\SYSTEM32\WSOCK32.dll
0x00007ffa29010000 - 0x00007ffa29044000 	C:\WINDOWS\SYSTEM32\WINMM.dll
0x00007ffa28fa0000 - 0x00007ffa28faa000 	C:\WINDOWS\SYSTEM32\VERSION.dll
0x00007ffa33770000 - 0x00007ffa337e1000 	C:\WINDOWS\System32\WS2_32.dll
0x00007ffa30cd0000 - 0x00007ffa30ce8000 	C:\WINDOWS\SYSTEM32\kernel.appcore.dll
0x00007ffa2ec20000 - 0x00007ffa2ec30000 	C:\Program Files\Java\jdk1.8.0_311\jre\bin\verify.dll
0x00007ffa29c40000 - 0x00007ffa29c6b000 	C:\Program Files\Java\jdk1.8.0_311\jre\bin\java.dll
0x00007ffa29c20000 - 0x00007ffa29c38000 	C:\Program Files\Java\jdk1.8.0_311\jre\bin\zip.dll
0x00007ffa339f0000 - 0x00007ffa341d0000 	C:\WINDOWS\System32\SHELL32.dll
0x00007ffa2fca0000 - 0x00007ffa30565000 	C:\WINDOWS\SYSTEM32\windows.storage.dll
0x00007ffa333c0000 - 0x00007ffa3374a000 	C:\WINDOWS\System32\combase.dll
0x00007ffa2fb60000 - 0x00007ffa2fc9e000 	C:\WINDOWS\SYSTEM32\wintypes.dll
0x00007ffa32a50000 - 0x00007ffa32b41000 	C:\WINDOWS\System32\SHCORE.dll
0x00007ffa345d0000 - 0x00007ffa3462e000 	C:\WINDOWS\System32\shlwapi.dll
0x00007ffa31b90000 - 0x00007ffa31bb1000 	C:\WINDOWS\SYSTEM32\profapi.dll
0x00007ffa20470000 - 0x00007ffa2048c000 	C:\Program Files\Java\jdk1.8.0_311\jre\bin\net.dll
0x00007ffa311d0000 - 0x00007ffa31239000 	C:\WINDOWS\system32\mswsock.dll
0x00007ffa201c0000 - 0x00007ffa201d3000 	C:\Program Files\Java\jdk1.8.0_311\jre\bin\nio.dll
0x00007ff9f5430000 - 0x00007ff9f5457000 	C:\Users\adipu\.gradle\native\e1d6ef7f7dcc3fd88c89a11ec53ec762bb8ba0a96d01ffa2cd45eb1d1d8dd5c5\windows-amd64\native-platform.dll
0x00007ffa02270000 - 0x00007ffa023b4000 	C:\Users\adipu\.gradle\native\0d407fdbe67a94daf76414ababcb853783967236a71b16ec16e742cd7a986fd3\windows-amd64\native-platform-file-events.dll
0x00007ffa2c6b0000 - 0x00007ffa2c6bd000 	C:\Program Files\Java\jdk1.8.0_311\jre\bin\management.dll
0x00007ffa31460000 - 0x00007ffa3147b000 	C:\WINDOWS\SYSTEM32\CRYPTSP.dll
0x00007ffa30c40000 - 0x00007ffa30c75000 	C:\WINDOWS\system32\rsaenh.dll
0x00007ffa31310000 - 0x00007ffa31338000 	C:\WINDOWS\SYSTEM32\USERENV.dll
0x00007ffa31620000 - 0x00007ffa31648000 	C:\WINDOWS\SYSTEM32\bcrypt.dll
0x00007ffa32540000 - 0x00007ffa325bb000 	C:\WINDOWS\System32\bcryptprimitives.dll
0x00007ffa31480000 - 0x00007ffa3148c000 	C:\WINDOWS\SYSTEM32\CRYPTBASE.dll
0x00007ffa307c0000 - 0x00007ffa307ed000 	C:\WINDOWS\SYSTEM32\IPHLPAPI.DLL
0x00007ffa333b0000 - 0x00007ffa333b9000 	C:\WINDOWS\System32\NSI.dll
0x00007ffa28ff0000 - 0x00007ffa29009000 	C:\WINDOWS\SYSTEM32\dhcpcsvc6.DLL
0x00007ffa28fd0000 - 0x00007ffa28fef000 	C:\WINDOWS\SYSTEM32\dhcpcsvc.DLL
0x00007ffa30830000 - 0x00007ffa30922000 	C:\WINDOWS\SYSTEM32\DNSAPI.dll
0x00007ffa2f570000 - 0x00007ffa2f79e000 	C:\WINDOWS\SYSTEM32\dbghelp.dll
0x00007ffa326e0000 - 0x00007ffa327b7000 	C:\WINDOWS\System32\OLEAUT32.dll

VM Arguments:
jvm_args: -Xmx2048m -Dfile.encoding=UTF-8 -Duser.country=US -Duser.language=en -Duser.variant 
java_command: org.gradle.launcher.daemon.bootstrap.GradleDaemon 7.4
java_class_path (initial): C:\Users\adipu\.gradle\wrapper\dists\gradle-7.4-bin\c0gwcg53nkjbqw7r0h0umtfvt\gradle-7.4\lib\gradle-launcher-7.4.jar
Launcher Type: SUN_STANDARD

Environment Variables:
PATH=C:\Program Files\Common Files\Oracle\Java\javapath;C:\Program Files (x86)\Common Files\Oracle\Java\javapath;C:\ProgramData\Oracle\Java\javapath;C:\WINDOWS\system32;C:\WINDOWS;C:\WINDOWS\System32\Wbem;C:\WINDOWS\System32\WindowsPowerShell\v1.0\;C:\WINDOWS\System32\OpenSSH\;C:\Program Files\Git\cmd;C:\Program Files\PuTTY\;C:\Gradle\gradle-7.4\bin;D:\xampp\php;C:\ProgramData\ComposerSetup\bin;C:\Program Files\nodejs\;C:\hugo\bin\;C:\Program Files (x86)\ZeroTier\One\;C:\Users\adipu\AppData\Local\Programs\Python\Python310\Scripts\;C:\Users\adipu\AppData\Local\Programs\Python\Python310\;C:\Ruby31-x64\bin;C:\Users\adipu\AppData\Local\Microsoft\WindowsApps;C:\Users\adipu\AppData\Local\Programs\Microsoft VS Code\bin;C:\Users\adipu\AppData\Roaming\Composer\vendor\bin;C:\Users\adipu\AppData\Roaming\npm;
USERNAME=adipu
OS=Windows_NT
PROCESSOR_IDENTIFIER=Intel64 Family 6 Model 142 Stepping 11, GenuineIntel



---------------  S Y S T E M  ---------------

OS: Windows 10.0 , 64 bit Build 22621 (10.0.22621.755)

CPU:total 8 (initial active 8) (4 cores per cpu, 2 threads per core) family 6 model 142 stepping 11, cmov, cx8, fxsr, mmx, sse, sse2, sse3, ssse3, sse4.1, sse4.2, popcnt, avx, avx2, aes, clmul, erms, 3dnowpref, lzcnt, ht, tsc, tscinvbit, bmi1, bmi2, adx

Memory: 4k page, physical 8236340k(537240k free), swap 12430644k(6284k free)

vm_info: Java HotSpot(TM) 64-Bit Server VM (25.311-b11) for windows-amd64 JRE (1.8.0_311-b11), built on Sep 27 2021 05:15:14 by "java_re" with MS VC++ 15.9 (VS2017)

time: Mon Nov 21 00:17:05 2022
timezone: SE Asia Standard Time
elapsed time: 27.247200 seconds (0d 0h 0m 27s)

